<?xml version="1.0" encoding="utf-8"?><testsuites name="pytest tests"><testsuite name="pytest" errors="0" failures="0" skipped="0" tests="10" time="9.083" timestamp="2026-02-26T20:41:09.207439+00:00" hostname="agent-env-5de69e95-4f11-483b-ab5e-f892e87c08c9"><testcase classname="backend.tests.test_admin_crud_import.TestAdminCRUD" name="test_admin_create_hotel" time="1.002" /><testcase classname="backend.tests.test_admin_crud_import.TestAdminCRUD" name="test_admin_create_hotel_duplicate_blocked" time="0.858" /><testcase classname="backend.tests.test_admin_crud_import.TestAdminCRUD" name="test_admin_update_hotel" time="0.933" /><testcase classname="backend.tests.test_admin_crud_import.TestAdminCRUD" name="test_admin_delete_hotel_success" time="0.968" /><testcase classname="backend.tests.test_admin_crud_import.TestAdminCRUD" name="test_admin_delete_hotel_blocked_with_bookings" time="0.887" /><testcase classname="backend.tests.test_admin_crud_import.TestAdminImport" name="test_import_preview_real_excel" time="0.862" /><testcase classname="backend.tests.test_admin_crud_import.TestAdminImport" name="test_import_execute" time="0.796" /><testcase classname="backend.tests.test_admin_crud_import.TestAdminImport" name="test_import_batches_history" time="0.619" /><testcase classname="backend.tests.test_admin_crud_import.TestAdminHotelsList" name="test_get_all_hotels" time="0.881" /><testcase classname="backend.tests.test_admin_crud_import.TestCleanup" name="test_cleanup_test_hotels" time="1.039" /></testsuite></testsuites>