<?xml version="1.0" encoding="utf-8"?><testsuites name="pytest tests"><testsuite name="pytest" errors="0" failures="0" skipped="0" tests="22" time="5.031" timestamp="2026-02-27T16:34:02.451647+00:00" hostname="agent-env-61a3df48-7cfb-4f6a-ba72-2480ea1a5c64"><testcase classname="backend.tests.test_cashier_system.TestAuthSetup" name="test_admin_login" time="0.485" /><testcase classname="backend.tests.test_cashier_system.TestAuthSetup" name="test_cashier_login" time="0.407" /><testcase classname="backend.tests.test_cashier_system.TestCashierEndpoints" name="test_todays_checkins_returns_200" time="0.183" /><testcase classname="backend.tests.test_cashier_system.TestCashierEndpoints" name="test_active_guests_returns_200" time="0.175" /><testcase classname="backend.tests.test_cashier_system.TestCashierEndpoints" name="test_shift_summary_full_returns_200" time="0.161" /><testcase classname="backend.tests.test_cashier_system.TestCashierEndpoints" name="test_activity_log_returns_200" time="0.154" /><testcase classname="backend.tests.test_cashier_system.TestCashierEndpoints" name="test_verify_booking_not_found" time="0.160" /><testcase classname="backend.tests.test_cashier_system.TestCashierEndpoints" name="test_verify_booking_requires_search_term" time="0.166" /><testcase classname="backend.tests.test_cashier_system.TestCashierWalkinAndCheckout" name="test_checkout_existing_guest_first" time="0.164" /><testcase classname="backend.tests.test_cashier_system.TestCashierWalkinAndCheckout" name="test_walkin_booking_creation" time="0.374" /><testcase classname="backend.tests.test_cashier_system.TestCashierWalkinAndCheckout" name="test_walkin_no_rooms_error" time="0.144" /><testcase classname="backend.tests.test_cashier_system.TestCashierWalkinAndCheckout" name="test_verify_walkin_booking" time="0.171" /><testcase classname="backend.tests.test_cashier_system.TestCashierWalkinAndCheckout" name="test_checkout_walkin_booking" time="0.167" /><testcase classname="backend.tests.test_cashier_system.TestCashierManagement" name="test_get_all_cashiers" time="0.195" /><testcase classname="backend.tests.test_cashier_system.TestCashierManagement" name="test_edit_cashier_name" time="0.311" /><testcase classname="backend.tests.test_cashier_system.TestCashierManagement" name="test_reset_cashier_password" time="0.385" /><testcase classname="backend.tests.test_cashier_system.TestCashierManagement" name="test_cashier_performance" time="0.141" /><testcase classname="backend.tests.test_cashier_system.TestCashierManagement" name="test_toggle_cashier_status" time="0.248" /><testcase classname="backend.tests.test_cashier_system.TestCashierAuthorizationRules" name="test_todays_checkins_requires_cashier_role" time="0.145" /><testcase classname="backend.tests.test_cashier_system.TestCashierAuthorizationRules" name="test_walkin_requires_cashier_role" time="0.132" /><testcase classname="backend.tests.test_cashier_system.TestCashierAuthorizationRules" name="test_cashier_endpoints_require_auth" time="0.114" /><testcase classname="backend.tests.test_cashier_system.TestCashierLoginWithNewPassword" name="test_cashier_login_with_new_password" time="0.371" /></testsuite></testsuites>