<?xml version="1.0" encoding="utf-8"?><testsuites name="pytest tests"><testsuite name="pytest" errors="0" failures="0" skipped="1" tests="16" time="15.207" timestamp="2026-02-26T20:26:38.338542+00:00" hostname="agent-env-5de69e95-4f11-483b-ab5e-f892e87c08c9"><testcase classname="backend.tests.test_cloudinary_photos.TestCloudinaryConfig" name="test_cloudinary_config_returns_credentials" time="2.267" /><testcase classname="backend.tests.test_cloudinary_photos.TestImportBatches" name="test_get_import_batches_list" time="0.616" /><testcase classname="backend.tests.test_cloudinary_photos.TestImportBatches" name="test_get_import_batch_detail" time="0.968" /><testcase classname="backend.tests.test_cloudinary_photos.TestHotelPhotosAPI" name="test_get_hotel_photos_returns_sorted_array" time="0.615" /><testcase classname="backend.tests.test_cloudinary_photos.TestHotelPhotosAPI" name="test_add_hotel_photo" time="0.571" /><testcase classname="backend.tests.test_cloudinary_photos.TestHotelPhotosAPI" name="test_set_primary_photo" time="0.955" /><testcase classname="backend.tests.test_cloudinary_photos.TestHotelPhotosAPI" name="test_reorder_photos" time="0.859" /><testcase classname="backend.tests.test_cloudinary_photos.TestHotelPhotosAPI" name="test_delete_photo_blocks_last_photo" time="2.008" /><testcase classname="backend.tests.test_cloudinary_photos.TestHotelPhotosAPI" name="test_delete_photo_auto_promotes_primary" time="0.872" /><testcase classname="backend.tests.test_cloudinary_photos.TestRoomPhotosAPI" name="test_add_room_photo" time="0.950" /><testcase classname="backend.tests.test_cloudinary_photos.TestRoomPhotosAPI" name="test_set_primary_room_photo" time="1.545" /><testcase classname="backend.tests.test_cloudinary_photos.TestRoomPhotosAPI" name="test_reorder_room_photos" time="0.994"><skipped type="pytest.skip" message="No rooms available">/app/backend/tests/test_cloudinary_photos.py:363: No rooms available</skipped></testcase><testcase classname="backend.tests.test_cloudinary_photos.TestImportPreviewAndExecute" name="test_import_preview_with_excel" time="0.779" /><testcase classname="backend.tests.test_cloudinary_photos.TestImportPreviewAndExecute" name="test_import_execute_creates_hotels" time="0.674" /><testcase classname="backend.tests.test_cloudinary_photos.TestPublicHotelPhotos" name="test_hotel_detail_includes_cloudinary_photos" time="0.130" /><testcase classname="backend.tests.test_cloudinary_photos.TestPublicHotelPhotos" name="test_hotels_list_shows_cloudinary_photos_in_search" time="0.194" /></testsuite></testsuites>