<?xml version="1.0" encoding="utf-8"?><testsuites name="pytest tests"><testsuite name="pytest" errors="0" failures="0" skipped="0" tests="18" time="3.470" timestamp="2026-02-27T15:37:52.927111+00:00" hostname="agent-env-61a3df48-7cfb-4f6a-ba72-2480ea1a5c64"><testcase classname="backend.tests.test_hotel_edit_feature.TestAdminAllHotels" name="test_admin_all_hotels_returns_200" time="0.723" /><testcase classname="backend.tests.test_hotel_edit_feature.TestAdminAllHotels" name="test_admin_all_hotels_has_room_type_count" time="0.118" /><testcase classname="backend.tests.test_hotel_edit_feature.TestAdminAllHotels" name="test_admin_all_hotels_has_default_rooms_field" time="0.083" /><testcase classname="backend.tests.test_hotel_edit_feature.TestAdminAllHotels" name="test_admin_all_hotels_contains_expected_fields" time="0.107" /><testcase classname="backend.tests.test_hotel_edit_feature.TestHotelFullDetail" name="test_hotel_full_returns_200" time="0.154" /><testcase classname="backend.tests.test_hotel_edit_feature.TestHotelFullDetail" name="test_hotel_full_has_room_types" time="0.151" /><testcase classname="backend.tests.test_hotel_edit_feature.TestHotelFullDetail" name="test_hotel_full_has_default_rooms_field" time="0.168" /><testcase classname="backend.tests.test_hotel_edit_feature.TestHotelFullDetail" name="test_hotel_full_has_expected_fields" time="0.148" /><testcase classname="backend.tests.test_hotel_edit_feature.TestPatchHotel" name="test_admin_can_patch_hotel_name" time="0.223" /><testcase classname="backend.tests.test_hotel_edit_feature.TestPatchHotel" name="test_admin_can_patch_hotel_city" time="0.220" /><testcase classname="backend.tests.test_hotel_edit_feature.TestPatchHotel" name="test_admin_can_patch_hotel_description" time="0.153" /><testcase classname="backend.tests.test_hotel_edit_feature.TestPatchHotel" name="test_admin_can_patch_hotel_amenities" time="0.142" /><testcase classname="backend.tests.test_hotel_edit_feature.TestPatchHotel" name="test_patch_hotel_requires_auth" time="0.255" /><testcase classname="backend.tests.test_hotel_edit_feature.TestPatchHotel" name="test_patch_nonexistent_hotel_returns_404" time="0.069" /><testcase classname="backend.tests.test_hotel_edit_feature.TestOwnerHotelsEndpoint" name="test_owner_hotels_returns_data_for_admin" time="0.127" /><testcase classname="backend.tests.test_hotel_edit_feature.TestOwnerHotelsEndpoint" name="test_owner_hotels_has_room_type_count" time="0.128" /><testcase classname="backend.tests.test_hotel_edit_feature.TestOwnerHotelsEndpoint" name="test_owner_hotels_has_default_rooms_field" time="0.111" /><testcase classname="backend.tests.test_hotel_edit_feature.TestDefaultRoomsLogic" name="test_has_default_rooms_matches_room_types" time="0.176" /></testsuite></testsuites>