<?xml version="1.0" encoding="utf-8"?><testsuites name="pytest tests"><testsuite name="pytest" errors="0" failures="0" skipped="0" tests="22" time="8.933" timestamp="2026-02-26T18:36:38.902519+00:00" hostname="agent-env-5de69e95-4f11-483b-ab5e-f892e87c08c9"><testcase classname="backend.tests.test_habari_stays.TestHealth" name="test_health_endpoint" time="0.352" /><testcase classname="backend.tests.test_habari_stays.TestAuth" name="test_admin_login_success" time="0.439" /><testcase classname="backend.tests.test_habari_stays.TestAuth" name="test_login_invalid_credentials" time="0.225" /><testcase classname="backend.tests.test_habari_stays.TestAuth" name="test_register_traveler" time="0.355" /><testcase classname="backend.tests.test_habari_stays.TestAuth" name="test_register_owner_pending_verification" time="0.375" /><testcase classname="backend.tests.test_habari_stays.TestHotels" name="test_get_hotels_public" time="0.146" /><testcase classname="backend.tests.test_habari_stays.TestHotels" name="test_get_cities" time="0.162" /><testcase classname="backend.tests.test_habari_stays.TestHotels" name="test_get_hotels_by_city" time="0.129" /><testcase classname="backend.tests.test_habari_stays.TestAdminEndpoints" name="test_admin_stats" time="0.645" /><testcase classname="backend.tests.test_habari_stays.TestAdminEndpoints" name="test_admin_all_hotels" time="0.512" /><testcase classname="backend.tests.test_habari_stays.TestAdminEndpoints" name="test_admin_pending_owners" time="0.609" /><testcase classname="backend.tests.test_habari_stays.TestAdminEndpoints" name="test_admin_verify_hotel" time="0.790" /><testcase classname="backend.tests.test_habari_stays.TestImportEndpoints" name="test_import_preview_endpoint_exists" time="0.538" /><testcase classname="backend.tests.test_habari_stays.TestRoomTypes" name="test_get_room_types_requires_hotel_id" time="0.310" /><testcase classname="backend.tests.test_habari_stays.TestBookingFlow" name="test_create_booking" time="0.520" /><testcase classname="backend.tests.test_habari_stays.TestBookingFlow" name="test_confirm_payment_mock" time="0.594" /><testcase classname="backend.tests.test_habari_stays.TestCashiers" name="test_get_cashiers" time="0.614" /><testcase classname="backend.tests.test_habari_stays.TestReviews" name="test_get_reviews_requires_hotel_id" time="0.324" /><testcase classname="backend.tests.test_habari_stays.TestAnalytics" name="test_revenue_analytics" time="0.515" /><testcase classname="backend.tests.test_habari_stays.TestPaymentConfig" name="test_payment_config" time="0.150" /><testcase classname="backend.tests.test_habari_stays.TestHotelDetail" name="test_get_hotel_by_id" time="0.273" /><testcase classname="backend.tests.test_habari_stays.TestHotelDetail" name="test_imported_hotel_has_contact_info" time="0.149" /></testsuite></testsuites>